<?xml version="1.0" encoding="UTF-8"?>
<!-- Generated by org.testng.reporters.JUnitReportReporter -->
<testsuite hostname="Kambalapally-PC" name="driverfactory.AppTest" tests="1" failures="0" timestamp="13 Jun 2018 13:05:51 GMT" time="12.053" errors="0">
  <testcase name="start" time="12.053" classname="driverfactory.AppTest"/>
</testsuite> <!-- driverfactory.AppTest -->
